<?xml version="1.0" encoding="UTF-8"?>
<testsuite xmlns:xsi="http://www.w3.org/2001/XMLSchema-instance" xsi:noNamespaceSchemaLocation="https://maven.apache.org/surefire/maven-surefire-plugin/xsd/surefire-test-report-3.0.xsd" version="3.0" name="TestSuite" time="12.181" tests="5" errors="0" skipped="0" failures="0">
  <properties>
[...]
</properties>
  <testcase name="invalid_access_token" classname="com.spotify.oauth2.tests.PlayListTests" time="2.73">
    <system-out><![CDATA[13:40:50.998 [main] INFO org.mongodb.driver.cluster - Cluster created with settings {hosts=[127.0.0.1:27017], srvHost=restassuredcluster.yiuty.mongodb.net, mode=MULTIPLE, requiredClusterType=REPLICA_SET, serverSelectionTimeout='30000 ms', requiredReplicaSetName='atlas-13zbko-shard-0'}
13:40:51.074 [main] INFO org.mongodb.driver.cluster - Cluster description not yet available. Waiting for 30000 ms before timing out
13:40:51.080 [cluster-ClusterId{value='6089188ab9d4b66dbb6f5155', description='null'}-srv-restassuredcluster.yiuty.mongodb.net] INFO org.mongodb.driver.cluster - Adding discovered server restassuredcluster-shard-00-00.yiuty.mongodb.net:27017 to client view of cluster
13:40:51.131 [cluster-ClusterId{value='6089188ab9d4b66dbb6f5155', description='null'}-srv-restassuredcluster.yiuty.mongodb.net] INFO org.mongodb.driver.cluster - Adding discovered server restassuredcluster-shard-00-02.yiuty.mongodb.net:27017 to client view of cluster
13:40:51.132 [cluster-ClusterId{value='6089188ab9d4b66dbb6f5155', description='null'}-srv-restassuredcluster.yiuty.mongodb.net] INFO org.mongodb.driver.cluster - Adding discovered server restassuredcluster-shard-00-01.yiuty.mongodb.net:27017 to client view of cluster
13:40:51.133 [cluster-ClusterId{value='6089188ab9d4b66dbb6f5155', description='null'}-srv-restassuredcluster.yiuty.mongodb.net] DEBUG org.mongodb.driver.cluster - Updating cluster description to  {type=REPLICA_SET, servers=[{address=restassuredcluster-shard-00-00.yiuty.mongodb.net:27017, type=UNKNOWN, state=CONNECTING}, {address=restassuredcluster-shard-00-02.yiuty.mongodb.net:27017, type=UNKNOWN, state=CONNECTING}, {address=restassuredcluster-shard-00-01.yiuty.mongodb.net:27017, type=UNKNOWN, state=CONNECTING}]
13:40:51.137 [main] INFO org.mongodb.driver.cluster - No server chosen by com.mongodb.client.internal.MongoClientDelegate$1@319c3a25 from cluster description ClusterDescription{type=REPLICA_SET, connectionMode=MULTIPLE, serverDescriptions=[ServerDescription{address=restassuredcluster-shard-00-00.yiuty.mongodb.net:27017, type=UNKNOWN, state=CONNECTING}, ServerDescription{address=restassuredcluster-shard-00-02.yiuty.mongodb.net:27017, type=UNKNOWN, state=CONNECTING}, ServerDescription{address=restassuredcluster-shard-00-01.yiuty.mongodb.net:27017, type=UNKNOWN, state=CONNECTING}]}. Waiting for 30000 ms before timing out
13:40:52.751 [cluster-ClusterId{value='6089188ab9d4b66dbb6f5155', description='null'}-restassuredcluster-shard-00-01.yiuty.mongodb.net:27017] INFO org.mongodb.driver.connection - Opened connection [connectionId{localValue:2, serverValue:88324}] to restassuredcluster-shard-00-01.yiuty.mongodb.net:27017
13:40:52.751 [cluster-ClusterId{value='6089188ab9d4b66dbb6f5155', description='null'}-restassuredcluster-shard-00-02.yiuty.mongodb.net:27017] INFO org.mongodb.driver.connection - Opened connection [connectionId{localValue:3, serverValue:79723}] to restassuredcluster-shard-00-02.yiuty.mongodb.net:27017
13:40:52.752 [cluster-ClusterId{value='6089188ab9d4b66dbb6f5155', description='null'}-restassuredcluster-shard-00-01.yiuty.mongodb.net:27017] DEBUG org.mongodb.driver.cluster - Checking status of restassuredcluster-shard-00-01.yiuty.mongodb.net:27017
13:40:52.752 [cluster-ClusterId{value='6089188ab9d4b66dbb6f5155', description='null'}-restassuredcluster-shard-00-02.yiuty.mongodb.net:27017] DEBUG org.mongodb.driver.cluster - Checking status of restassuredcluster-shard-00-02.yiuty.mongodb.net:27017
13:40:52.789 [cluster-ClusterId{value='6089188ab9d4b66dbb6f5155', description='null'}-restassuredcluster-shard-00-01.yiuty.mongodb.net:27017] DEBUG org.mongodb.driver.protocol.command - Sending command '{"ismaster": 1, "$db": "admin"}' with request id 5 to database admin on connection [connectionId{localValue:2, serverValue:88324}] to server restassuredcluster-shard-00-01.yiuty.mongodb.net:27017
13:40:52.789 [cluster-ClusterId{value='6089188ab9d4b66dbb6f5155', description='null'}-restassuredcluster-shard-00-02.yiuty.mongodb.net:27017] DEBUG org.mongodb.driver.protocol.command - Sending command '{"ismaster": 1, "$db": "admin"}' with request id 4 to database admin on connection [connectionId{localValue:3, serverValue:79723}] to server restassuredcluster-shard-00-02.yiuty.mongodb.net:27017
13:40:53.069 [cluster-ClusterId{value='6089188ab9d4b66dbb6f5155', description='null'}-restassuredcluster-shard-00-01.yiuty.mongodb.net:27017] DEBUG org.mongodb.driver.protocol.command - Execution of command with request id 5 completed successfully in 308.81 ms on connection [connectionId{localValue:2, serverValue:88324}] to server restassuredcluster-shard-00-01.yiuty.mongodb.net:27017
13:40:53.072 [cluster-ClusterId{value='6089188ab9d4b66dbb6f5155', description='null'}-restassuredcluster-shard-00-02.yiuty.mongodb.net:27017] DEBUG org.mongodb.driver.protocol.command - Execution of command with request id 4 completed successfully in 313.77 ms on connection [connectionId{localValue:3, serverValue:79723}] to server restassuredcluster-shard-00-02.yiuty.mongodb.net:27017
13:40:53.075 [cluster-ClusterId{value='6089188ab9d4b66dbb6f5155', description='null'}-restassuredcluster-shard-00-02.yiuty.mongodb.net:27017] INFO org.mongodb.driver.cluster - Monitor thread successfully connected to server with description ServerDescription{address=restassuredcluster-shard-00-02.yiuty.mongodb.net:27017, type=REPLICA_SET_SECONDARY, state=CONNECTED, ok=true, minWireVersion=0, maxWireVersion=9, maxDocumentSize=16777216, logicalSessionTimeoutMinutes=30, roundTripTimeNanos=320919470, setName='atlas-13zbko-shard-0', canonicalAddress=restassuredcluster-shard-00-02.yiuty.mongodb.net:27017, hosts=[restassuredcluster-shard-00-02.yiuty.mongodb.net:27017, restassuredcluster-shard-00-00.yiuty.mongodb.net:27017, restassuredcluster-shard-00-01.yiuty.mongodb.net:27017], passives=[], arbiters=[], primary='restassuredcluster-shard-00-01.yiuty.mongodb.net:27017', tagSet=TagSet{[Tag{name='nodeType', value='ELECTABLE'}, Tag{name='provider', value='AWS'}, Tag{name='region', value='US_EAST_1'}, Tag{name='workloadType', value='OPERATIONAL'}]}, electionId=null, setVersion=1, lastWriteDate=Wed Apr 28 13:40:52 IST 2021, lastUpdateTimeNanos=40643839660299}
13:40:53.075 [cluster-ClusterId{value='6089188ab9d4b66dbb6f5155', description='null'}-restassuredcluster-shard-00-01.yiuty.mongodb.net:27017] INFO org.mongodb.driver.cluster - Monitor thread successfully connected to server with description ServerDescription{address=restassuredcluster-shard-00-01.yiuty.mongodb.net:27017, type=REPLICA_SET_PRIMARY, state=CONNECTED, ok=true, minWireVersion=0, maxWireVersion=9, maxDocumentSize=16777216, logicalSessionTimeoutMinutes=30, roundTripTimeNanos=317104305, setName='atlas-13zbko-shard-0', canonicalAddress=restassuredcluster-shard-00-01.yiuty.mongodb.net:27017, hosts=[restassuredcluster-shard-00-02.yiuty.mongodb.net:27017, restassuredcluster-shard-00-00.yiuty.mongodb.net:27017, restassuredcluster-shard-00-01.yiuty.mongodb.net:27017], passives=[], arbiters=[], primary='restassuredcluster-shard-00-01.yiuty.mongodb.net:27017', tagSet=TagSet{[Tag{name='nodeType', value='ELECTABLE'}, Tag{name='provider', value='AWS'}, Tag{name='region', value='US_EAST_1'}, Tag{name='workloadType', value='OPERATIONAL'}]}, electionId=7fffffff0000000000000004, setVersion=1, lastWriteDate=Wed Apr 28 13:40:52 IST 2021, lastUpdateTimeNanos=40643836692125}
13:40:53.078 [cluster-ClusterId{value='6089188ab9d4b66dbb6f5155', description='null'}-restassuredcluster-shard-00-01.yiuty.mongodb.net:27017] INFO org.mongodb.driver.cluster - Setting max election id to 7fffffff0000000000000004 from replica set primary restassuredcluster-shard-00-01.yiuty.mongodb.net:27017
13:40:53.078 [cluster-ClusterId{value='6089188ab9d4b66dbb6f5155', description='null'}-restassuredcluster-shard-00-01.yiuty.mongodb.net:27017] INFO org.mongodb.driver.cluster - Setting max set version to 1 from replica set primary restassuredcluster-shard-00-01.yiuty.mongodb.net:27017
13:40:53.078 [cluster-ClusterId{value='6089188ab9d4b66dbb6f5155', description='null'}-restassuredcluster-shard-00-01.yiuty.mongodb.net:27017] INFO org.mongodb.driver.cluster - Discovered replica set primary restassuredcluster-shard-00-01.yiuty.mongodb.net:27017
13:40:53.079 [cluster-ClusterId{value='6089188ab9d4b66dbb6f5155', description='null'}-restassuredcluster-shard-00-01.yiuty.mongodb.net:27017] DEBUG org.mongodb.driver.cluster - Updating cluster description to  {type=REPLICA_SET, servers=[{address=restassuredcluster-shard-00-00.yiuty.mongodb.net:27017, type=UNKNOWN, state=CONNECTING}, {address=restassuredcluster-shard-00-02.yiuty.mongodb.net:27017, type=UNKNOWN, state=CONNECTING}, {address=restassuredcluster-shard-00-01.yiuty.mongodb.net:27017, type=REPLICA_SET_PRIMARY, TagSet{[Tag{name='nodeType', value='ELECTABLE'}, Tag{name='provider', value='AWS'}, Tag{name='region', value='US_EAST_1'}, Tag{name='workloadType', value='OPERATIONAL'}]}, roundTripTime=317.1 ms, state=CONNECTED}]
13:40:53.079 [cluster-ClusterId{value='6089188ab9d4b66dbb6f5155', description='null'}-restassuredcluster-shard-00-02.yiuty.mongodb.net:27017] DEBUG org.mongodb.driver.cluster - Updating cluster description to  {type=REPLICA_SET, servers=[{address=restassuredcluster-shard-00-00.yiuty.mongodb.net:27017, type=UNKNOWN, state=CONNECTING}, {address=restassuredcluster-shard-00-02.yiuty.mongodb.net:27017, type=REPLICA_SET_SECONDARY, TagSet{[Tag{name='nodeType', value='ELECTABLE'}, Tag{name='provider', value='AWS'}, Tag{name='region', value='US_EAST_1'}, Tag{name='workloadType', value='OPERATIONAL'}]}, roundTripTime=320.9 ms, state=CONNECTED}, {address=restassuredcluster-shard-00-01.yiuty.mongodb.net:27017, type=REPLICA_SET_PRIMARY, TagSet{[Tag{name='nodeType', value='ELECTABLE'}, Tag{name='provider', value='AWS'}, Tag{name='region', value='US_EAST_1'}, Tag{name='workloadType', value='OPERATIONAL'}]}, roundTripTime=317.1 ms, state=CONNECTED}]
13:40:55.327 [main] INFO org.mongodb.driver.connection - Opened connection [connectionId{localValue:4, serverValue:88326}] to restassuredcluster-shard-00-01.yiuty.mongodb.net:27017
13:40:55.348 [main] DEBUG org.mongodb.driver.protocol.command - Sending command '{"find": "ConfigProperties", "filter": {"grant_type": "refresh_token"}, "limit": 1, "singleBatch": true, "$db": "RestAssured", "$clusterTime": {"clusterTime": {"$timestamp": {"t": 1619597452, "i": 10}}, "signature": {"hash": {"$binary": {"base64": "39vt2Tt/kXCaGRlpaGrCipq0TKQ=", "subType": "00"}}, "keyId": 6955062343113900036}}, "lsid": {"id": {"$binary": {"base64": "c4zUcH6KTZSTZQAsbLfzAg==", "subType": "04"}}}}' with request id 10 to database RestAssured on connection [connectionId{localValue:4, serverValue:88326}] to server restassuredcluster-shard-00-01.yiuty.mongodb.net:27017
13:40:55.737 [main] DEBUG org.mongodb.driver.protocol.command - Execution of command with request id 10 completed successfully in 389.66 ms on connection [connectionId{localValue:4, serverValue:88326}] to server restassuredcluster-shard-00-01.yiuty.mongodb.net:27017
connected to Data Base
Renewing token
13:40:55.945 [TestNG-test=API automation-Spotify-2] INFO org.mongodb.driver.cluster - Cluster created with settings {hosts=[127.0.0.1:27017], srvHost=restassuredcluster.yiuty.mongodb.net, mode=MULTIPLE, requiredClusterType=REPLICA_SET, serverSelectionTimeout='30000 ms', requiredReplicaSetName='atlas-13zbko-shard-0'}
13:40:55.945 [TestNG-test=API automation-Spotify-2] INFO org.mongodb.driver.cluster - Cluster description not yet available. Waiting for 30000 ms before timing out
13:40:55.970 [cluster-ClusterId{value='6089188fb9d4b66dbb6f5156', description='null'}-srv-restassuredcluster.yiuty.mongodb.net] INFO org.mongodb.driver.cluster - Adding discovered server restassuredcluster-shard-00-00.yiuty.mongodb.net:27017 to client view of cluster
13:40:55.971 [cluster-ClusterId{value='6089188fb9d4b66dbb6f5156', description='null'}-srv-restassuredcluster.yiuty.mongodb.net] INFO org.mongodb.driver.cluster - Adding discovered server restassuredcluster-shard-00-02.yiuty.mongodb.net:27017 to client view of cluster
13:40:55.972 [cluster-ClusterId{value='6089188fb9d4b66dbb6f5156', description='null'}-srv-restassuredcluster.yiuty.mongodb.net] INFO org.mongodb.driver.cluster - Adding discovered server restassuredcluster-shard-00-01.yiuty.mongodb.net:27017 to client view of cluster
13:40:55.973 [cluster-ClusterId{value='6089188fb9d4b66dbb6f5156', description='null'}-srv-restassuredcluster.yiuty.mongodb.net] DEBUG org.mongodb.driver.cluster - Updating cluster description to  {type=REPLICA_SET, servers=[{address=restassuredcluster-shard-00-00.yiuty.mongodb.net:27017, type=UNKNOWN, state=CONNECTING}, {address=restassuredcluster-shard-00-02.yiuty.mongodb.net:27017, type=UNKNOWN, state=CONNECTING}, {address=restassuredcluster-shard-00-01.yiuty.mongodb.net:27017, type=UNKNOWN, state=CONNECTING}]
13:40:55.973 [TestNG-test=API automation-Spotify-2] INFO org.mongodb.driver.cluster - No server chosen by com.mongodb.client.internal.MongoClientDelegate$1@5b80b5ad from cluster description ClusterDescription{type=REPLICA_SET, connectionMode=MULTIPLE, serverDescriptions=[ServerDescription{address=restassuredcluster-shard-00-00.yiuty.mongodb.net:27017, type=UNKNOWN, state=CONNECTING}, ServerDescription{address=restassuredcluster-shard-00-02.yiuty.mongodb.net:27017, type=UNKNOWN, state=CONNECTING}, ServerDescription{address=restassuredcluster-shard-00-01.yiuty.mongodb.net:27017, type=UNKNOWN, state=CONNECTING}]}. Waiting for 30000 ms before timing out
13:40:57.171 [cluster-ClusterId{value='6089188fb9d4b66dbb6f5156', description='null'}-restassuredcluster-shard-00-00.yiuty.mongodb.net:27017] INFO org.mongodb.driver.connection - Opened connection [connectionId{localValue:5, serverValue:79989}] to restassuredcluster-shard-00-00.yiuty.mongodb.net:27017
13:40:57.171 [cluster-ClusterId{value='6089188fb9d4b66dbb6f5156', description='null'}-restassuredcluster-shard-00-01.yiuty.mongodb.net:27017] INFO org.mongodb.driver.connection - Opened connection [connectionId{localValue:7, serverValue:88300}] to restassuredcluster-shard-00-01.yiuty.mongodb.net:27017
13:40:57.171 [cluster-ClusterId{value='6089188fb9d4b66dbb6f5156', description='null'}-restassuredcluster-shard-00-02.yiuty.mongodb.net:27017] INFO org.mongodb.driver.connection - Opened connection [connectionId{localValue:6, serverValue:79723}] to restassuredcluster-shard-00-02.yiuty.mongodb.net:27017
13:40:57.171 [cluster-ClusterId{value='6089188fb9d4b66dbb6f5156', description='null'}-restassuredcluster-shard-00-00.yiuty.mongodb.net:27017] DEBUG org.mongodb.driver.cluster - Checking status of restassuredcluster-shard-00-00.yiuty.mongodb.net:27017
13:40:57.171 [cluster-ClusterId{value='6089188fb9d4b66dbb6f5156', description='null'}-restassuredcluster-shard-00-01.yiuty.mongodb.net:27017] DEBUG org.mongodb.driver.cluster - Checking status of restassuredcluster-shard-00-01.yiuty.mongodb.net:27017
13:40:57.171 [cluster-ClusterId{value='6089188fb9d4b66dbb6f5156', description='null'}-restassuredcluster-shard-00-02.yiuty.mongodb.net:27017] DEBUG org.mongodb.driver.cluster - Checking status of restassuredcluster-shard-00-02.yiuty.mongodb.net:27017
13:40:57.172 [cluster-ClusterId{value='6089188fb9d4b66dbb6f5156', description='null'}-restassuredcluster-shard-00-01.yiuty.mongodb.net:27017] DEBUG org.mongodb.driver.protocol.command - Sending command '{"ismaster": 1, "$db": "admin"}' with request id 15 to database admin on connection [connectionId{localValue:7, serverValue:88300}] to server restassuredcluster-shard-00-01.yiuty.mongodb.net:27017
13:40:57.172 [cluster-ClusterId{value='6089188fb9d4b66dbb6f5156', description='null'}-restassuredcluster-shard-00-00.yiuty.mongodb.net:27017] DEBUG org.mongodb.driver.protocol.command - Sending command '{"ismaster": 1, "$db": "admin"}' with request id 14 to database admin on connection [connectionId{localValue:5, serverValue:79989}] to server restassuredcluster-shard-00-00.yiuty.mongodb.net:27017
13:40:57.172 [cluster-ClusterId{value='6089188fb9d4b66dbb6f5156', description='null'}-restassuredcluster-shard-00-02.yiuty.mongodb.net:27017] DEBUG org.mongodb.driver.protocol.command - Sending command '{"ismaster": 1, "$db": "admin"}' with request id 16 to database admin on connection [connectionId{localValue:6, serverValue:79723}] to server restassuredcluster-shard-00-02.yiuty.mongodb.net:27017
Request method:	POST
Request URI:	https://api.spotify.com/v1/users/e41y8ev2wvl4jlfee11ohbet8/playlists
Proxy:			<none>
Request params:	<none>
Query params:	<none>
Form params:	<none>
Path params:	<none>
Headers:		Accept=*/*
				Content-Type=application/json; charset=UTF-8
Cookies:		<none>
Multiparts:		<none>
Body:
{
    "description": "Description qf#v&x>h&LkP3##UYl###J4#&g,F##8HCC.rc#&6K#.#&##_&#",
    "name": "PlayList i1shnGC?-=",
    "public": true
}
13:40:57.476 [cluster-ClusterId{value='6089188fb9d4b66dbb6f5156', description='null'}-restassuredcluster-shard-00-01.yiuty.mongodb.net:27017] DEBUG org.mongodb.driver.protocol.command - Execution of command with request id 15 completed successfully in 304.47 ms on connection [connectionId{localValue:7, serverValue:88300}] to server restassuredcluster-shard-00-01.yiuty.mongodb.net:27017
13:40:57.476 [cluster-ClusterId{value='6089188fb9d4b66dbb6f5156', description='null'}-restassuredcluster-shard-00-00.yiuty.mongodb.net:27017] DEBUG org.mongodb.driver.protocol.command - Execution of command with request id 14 completed successfully in 304.50 ms on connection [connectionId{localValue:5, serverValue:79989}] to server restassuredcluster-shard-00-00.yiuty.mongodb.net:27017
13:40:57.477 [cluster-ClusterId{value='6089188fb9d4b66dbb6f5156', description='null'}-restassuredcluster-shard-00-01.yiuty.mongodb.net:27017] INFO org.mongodb.driver.cluster - Monitor thread successfully connected to server with description ServerDescription{address=restassuredcluster-shard-00-01.yiuty.mongodb.net:27017, type=REPLICA_SET_PRIMARY, state=CONNECTED, ok=true, minWireVersion=0, maxWireVersion=9, maxDocumentSize=16777216, logicalSessionTimeoutMinutes=30, roundTripTimeNanos=305416395, setName='atlas-13zbko-shard-0', canonicalAddress=restassuredcluster-shard-00-01.yiuty.mongodb.net:27017, hosts=[restassuredcluster-shard-00-02.yiuty.mongodb.net:27017, restassuredcluster-shard-00-00.yiuty.mongodb.net:27017, restassuredcluster-shard-00-01.yiuty.mongodb.net:27017], passives=[], arbiters=[], primary='restassuredcluster-shard-00-01.yiuty.mongodb.net:27017', tagSet=TagSet{[Tag{name='nodeType', value='ELECTABLE'}, Tag{name='provider', value='AWS'}, Tag{name='region', value='US_EAST_1'}, Tag{name='workloadType', value='OPERATIONAL'}]}, electionId=7fffffff0000000000000004, setVersion=1, lastWriteDate=Wed Apr 28 13:40:56 IST 2021, lastUpdateTimeNanos=40648243129315}
13:40:57.477 [cluster-ClusterId{value='6089188fb9d4b66dbb6f5156', description='null'}-restassuredcluster-shard-00-00.yiuty.mongodb.net:27017] INFO org.mongodb.driver.cluster - Monitor thread successfully connected to server with description ServerDescription{address=restassuredcluster-shard-00-00.yiuty.mongodb.net:27017, type=REPLICA_SET_SECONDARY, state=CONNECTED, ok=true, minWireVersion=0, maxWireVersion=9, maxDocumentSize=16777216, logicalSessionTimeoutMinutes=30, roundTripTimeNanos=305566235, setName='atlas-13zbko-shard-0', canonicalAddress=restassuredcluster-shard-00-00.yiuty.mongodb.net:27017, hosts=[restassuredcluster-shard-00-02.yiuty.mongodb.net:27017, restassuredcluster-shard-00-00.yiuty.mongodb.net:27017, restassuredcluster-shard-00-01.yiuty.mongodb.net:27017], passives=[], arbiters=[], primary='restassuredcluster-shard-00-01.yiuty.mongodb.net:27017', tagSet=TagSet{[Tag{name='nodeType', value='ELECTABLE'}, Tag{name='provider', value='AWS'}, Tag{name='region', value='US_EAST_1'}, Tag{name='workloadType', value='OPERATIONAL'}]}, electionId=null, setVersion=1, lastWriteDate=Wed Apr 28 13:40:56 IST 2021, lastUpdateTimeNanos=40648243179662}
13:40:57.478 [cluster-ClusterId{value='6089188fb9d4b66dbb6f5156', description='null'}-restassuredcluster-shard-00-01.yiuty.mongodb.net:27017] INFO org.mongodb.driver.cluster - Setting max election id to 7fffffff0000000000000004 from replica set primary restassuredcluster-shard-00-01.yiuty.mongodb.net:27017
13:40:57.478 [cluster-ClusterId{value='6089188fb9d4b66dbb6f5156', description='null'}-restassuredcluster-shard-00-01.yiuty.mongodb.net:27017] INFO org.mongodb.driver.cluster - Setting max set version to 1 from replica set primary restassuredcluster-shard-00-01.yiuty.mongodb.net:27017
13:40:57.478 [cluster-ClusterId{value='6089188fb9d4b66dbb6f5156', description='null'}-restassuredcluster-shard-00-01.yiuty.mongodb.net:27017] INFO org.mongodb.driver.cluster - Discovered replica set primary restassuredcluster-shard-00-01.yiuty.mongodb.net:27017
13:40:57.478 [cluster-ClusterId{value='6089188fb9d4b66dbb6f5156', description='null'}-restassuredcluster-shard-00-01.yiuty.mongodb.net:27017] DEBUG org.mongodb.driver.cluster - Updating cluster description to  {type=REPLICA_SET, servers=[{address=restassuredcluster-shard-00-00.yiuty.mongodb.net:27017, type=UNKNOWN, state=CONNECTING}, {address=restassuredcluster-shard-00-02.yiuty.mongodb.net:27017, type=UNKNOWN, state=CONNECTING}, {address=restassuredcluster-shard-00-01.yiuty.mongodb.net:27017, type=REPLICA_SET_PRIMARY, TagSet{[Tag{name='nodeType', value='ELECTABLE'}, Tag{name='provider', value='AWS'}, Tag{name='region', value='US_EAST_1'}, Tag{name='workloadType', value='OPERATIONAL'}]}, roundTripTime=305.4 ms, state=CONNECTED}]
13:40:57.479 [cluster-ClusterId{value='6089188fb9d4b66dbb6f5156', description='null'}-restassuredcluster-shard-00-00.yiuty.mongodb.net:27017] DEBUG org.mongodb.driver.cluster - Updating cluster description to  {type=REPLICA_SET, servers=[{address=restassuredcluster-shard-00-00.yiuty.mongodb.net:27017, type=REPLICA_SET_SECONDARY, TagSet{[Tag{name='nodeType', value='ELECTABLE'}, Tag{name='provider', value='AWS'}, Tag{name='region', value='US_EAST_1'}, Tag{name='workloadType', value='OPERATIONAL'}]}, roundTripTime=305.6 ms, state=CONNECTED}, {address=restassuredcluster-shard-00-02.yiuty.mongodb.net:27017, type=UNKNOWN, state=CONNECTING}, {address=restassuredcluster-shard-00-01.yiuty.mongodb.net:27017, type=REPLICA_SET_PRIMARY, TagSet{[Tag{name='nodeType', value='ELECTABLE'}, Tag{name='provider', value='AWS'}, Tag{name='region', value='US_EAST_1'}, Tag{name='workloadType', value='OPERATIONAL'}]}, roundTripTime=305.4 ms, state=CONNECTED}]
13:40:57.514 [cluster-ClusterId{value='6089188ab9d4b66dbb6f5155', description='null'}-restassuredcluster-shard-00-00.yiuty.mongodb.net:27017] INFO org.mongodb.driver.connection - Opened connection [connectionId{localValue:1, serverValue:79989}] to restassuredcluster-shard-00-00.yiuty.mongodb.net:27017
13:40:57.514 [cluster-ClusterId{value='6089188ab9d4b66dbb6f5155', description='null'}-restassuredcluster-shard-00-00.yiuty.mongodb.net:27017] DEBUG org.mongodb.driver.cluster - Checking status of restassuredcluster-shard-00-00.yiuty.mongodb.net:27017
13:40:57.515 [cluster-ClusterId{value='6089188ab9d4b66dbb6f5155', description='null'}-restassuredcluster-shard-00-00.yiuty.mongodb.net:27017] DEBUG org.mongodb.driver.protocol.command - Sending command '{"ismaster": 1, "$db": "admin", "$clusterTime": {"clusterTime": {"$timestamp": {"t": 1619597455, "i": 2}}, "signature": {"hash": {"$binary": {"base64": "i6gfWRBJBP6P9MRw6AECwXx/hUc=", "subType": "00"}}, "keyId": 6955062343113900036}}}' with request id 17 to database admin on connection [connectionId{localValue:1, serverValue:79989}] to server restassuredcluster-shard-00-00.yiuty.mongodb.net:27017
13:40:57.801 [cluster-ClusterId{value='6089188ab9d4b66dbb6f5155', description='null'}-restassuredcluster-shard-00-00.yiuty.mongodb.net:27017] DEBUG org.mongodb.driver.protocol.command - Execution of command with request id 17 completed successfully in 286.28 ms on connection [connectionId{localValue:1, serverValue:79989}] to server restassuredcluster-shard-00-00.yiuty.mongodb.net:27017
13:40:57.801 [cluster-ClusterId{value='6089188ab9d4b66dbb6f5155', description='null'}-restassuredcluster-shard-00-00.yiuty.mongodb.net:27017] INFO org.mongodb.driver.cluster - Monitor thread successfully connected to server with description ServerDescription{address=restassuredcluster-shard-00-00.yiuty.mongodb.net:27017, type=REPLICA_SET_SECONDARY, state=CONNECTED, ok=true, minWireVersion=0, maxWireVersion=9, maxDocumentSize=16777216, logicalSessionTimeoutMinutes=30, roundTripTimeNanos=287280164, setName='atlas-13zbko-shard-0', canonicalAddress=restassuredcluster-shard-00-00.yiuty.mongodb.net:27017, hosts=[restassuredcluster-shard-00-02.yiuty.mongodb.net:27017, restassuredcluster-shard-00-00.yiuty.mongodb.net:27017, restassuredcluster-shard-00-01.yiuty.mongodb.net:27017], passives=[], arbiters=[], primary='restassuredcluster-shard-00-01.yiuty.mongodb.net:27017', tagSet=TagSet{[Tag{name='nodeType', value='ELECTABLE'}, Tag{name='provider', value='AWS'}, Tag{name='region', value='US_EAST_1'}, Tag{name='workloadType', value='OPERATIONAL'}]}, electionId=null, setVersion=1, lastWriteDate=Wed Apr 28 13:40:57 IST 2021, lastUpdateTimeNanos=40648567458651}
13:40:57.802 [cluster-ClusterId{value='6089188ab9d4b66dbb6f5155', description='null'}-restassuredcluster-shard-00-00.yiuty.mongodb.net:27017] DEBUG org.mongodb.driver.cluster - Updating cluster description to  {type=REPLICA_SET, servers=[{address=restassuredcluster-shard-00-00.yiuty.mongodb.net:27017, type=REPLICA_SET_SECONDARY, TagSet{[Tag{name='nodeType', value='ELECTABLE'}, Tag{name='provider', value='AWS'}, Tag{name='region', value='US_EAST_1'}, Tag{name='workloadType', value='OPERATIONAL'}]}, roundTripTime=287.3 ms, state=CONNECTED}, {address=restassuredcluster-shard-00-02.yiuty.mongodb.net:27017, type=REPLICA_SET_SECONDARY, TagSet{[Tag{name='nodeType', value='ELECTABLE'}, Tag{name='provider', value='AWS'}, Tag{name='region', value='US_EAST_1'}, Tag{name='workloadType', value='OPERATIONAL'}]}, roundTripTime=320.9 ms, state=CONNECTED}, {address=restassuredcluster-shard-00-01.yiuty.mongodb.net:27017, type=REPLICA_SET_PRIMARY, TagSet{[Tag{name='nodeType', value='ELECTABLE'}, Tag{name='provider', value='AWS'}, Tag{name='region', value='US_EAST_1'}, Tag{name='workloadType', value='OPERATIONAL'}]}, roundTripTime=317.1 ms, state=CONNECTED}]
13:40:58.085 [cluster-ClusterId{value='6089188fb9d4b66dbb6f5156', description='null'}-restassuredcluster-shard-00-02.yiuty.mongodb.net:27017] DEBUG org.mongodb.driver.protocol.command - Execution of command with request id 16 completed successfully in 912.48 ms on connection [connectionId{localValue:6, serverValue:79723}] to server restassuredcluster-shard-00-02.yiuty.mongodb.net:27017
13:40:58.085 [cluster-ClusterId{value='6089188fb9d4b66dbb6f5156', description='null'}-restassuredcluster-shard-00-02.yiuty.mongodb.net:27017] INFO org.mongodb.driver.cluster - Monitor thread successfully connected to server with description ServerDescription{address=restassuredcluster-shard-00-02.yiuty.mongodb.net:27017, type=REPLICA_SET_SECONDARY, state=CONNECTED, ok=true, minWireVersion=0, maxWireVersion=9, maxDocumentSize=16777216, logicalSessionTimeoutMinutes=30, roundTripTimeNanos=913445440, setName='atlas-13zbko-shard-0', canonicalAddress=restassuredcluster-shard-00-02.yiuty.mongodb.net:27017, hosts=[restassuredcluster-shard-00-02.yiuty.mongodb.net:27017, restassuredcluster-shard-00-00.yiuty.mongodb.net:27017, restassuredcluster-shard-00-01.yiuty.mongodb.net:27017], passives=[], arbiters=[], primary='restassuredcluster-shard-00-01.yiuty.mongodb.net:27017', tagSet=TagSet{[Tag{name='nodeType', value='ELECTABLE'}, Tag{name='provider', value='AWS'}, Tag{name='region', value='US_EAST_1'}, Tag{name='workloadType', value='OPERATIONAL'}]}, electionId=null, setVersion=1, lastWriteDate=Wed Apr 28 13:40:56 IST 2021, lastUpdateTimeNanos=40648851253192}
13:40:58.086 [cluster-ClusterId{value='6089188fb9d4b66dbb6f5156', description='null'}-restassuredcluster-shard-00-02.yiuty.mongodb.net:27017] DEBUG org.mongodb.driver.cluster - Updating cluster description to  {type=REPLICA_SET, servers=[{address=restassuredcluster-shard-00-00.yiuty.mongodb.net:27017, type=REPLICA_SET_SECONDARY, TagSet{[Tag{name='nodeType', value='ELECTABLE'}, Tag{name='provider', value='AWS'}, Tag{name='region', value='US_EAST_1'}, Tag{name='workloadType', value='OPERATIONAL'}]}, roundTripTime=305.6 ms, state=CONNECTED}, {address=restassuredcluster-shard-00-02.yiuty.mongodb.net:27017, type=REPLICA_SET_SECONDARY, TagSet{[Tag{name='nodeType', value='ELECTABLE'}, Tag{name='provider', value='AWS'}, Tag{name='region', value='US_EAST_1'}, Tag{name='workloadType', value='OPERATIONAL'}]}, roundTripTime=913.4 ms, state=CONNECTED}, {address=restassuredcluster-shard-00-01.yiuty.mongodb.net:27017, type=REPLICA_SET_PRIMARY, TagSet{[Tag{name='nodeType', value='ELECTABLE'}, Tag{name='provider', value='AWS'}, Tag{name='region', value='US_EAST_1'}, Tag{name='workloadType', value='OPERATIONAL'}]}, roundTripTime=305.4 ms, state=CONNECTED}]
HTTP/1.1 401 Unauthorized
www-authenticate: Bearer realm="spotify", error="invalid_token", error_description="Invalid access token"
access-control-allow-origin: *
access-control-allow-headers: Accept, App-Platform, Authorization, Content-Type, Origin, Retry-After, Spotify-App-Version, X-Cloud-Trace-Context, client-token, content-access-token
access-control-allow-methods: GET, POST, OPTIONS, PUT, DELETE, PATCH
access-control-allow-credentials: true
access-control-max-age: 604800
content-type: application/json
content-encoding: gzip
strict-transport-security: max-age=31536000
x-content-type-options: nosniff
date: Wed, 28 Apr 2021 08:10:58 GMT
server: envoy
Via: HTTP/2 edgeproxy, 1.1 google
Alt-Svc: clear
Transfer-Encoding: chunked

{
    "error": {
        "status": 401,
        "message": "Invalid access token"
    }
}
]]></system-out>
  </testcase>
  <testcase name="not_create_playlist" classname="com.spotify.oauth2.tests.PlayListTests" time="5.454">
    <system-out><![CDATA[13:40:59.730 [TestNG-test=API automation-Spotify-2] INFO org.mongodb.driver.connection - Opened connection [connectionId{localValue:8, serverValue:88231}] to restassuredcluster-shard-00-01.yiuty.mongodb.net:27017
13:40:59.732 [TestNG-test=API automation-Spotify-2] DEBUG org.mongodb.driver.protocol.command - Sending command '{"find": "ConfigProperties", "filter": {"grant_type": "refresh_token"}, "limit": 1, "singleBatch": true, "$db": "RestAssured", "$clusterTime": {"clusterTime": {"$timestamp": {"t": 1619597456, "i": 10}}, "signature": {"hash": {"$binary": {"base64": "B2KerE2ohJ3uEvbHDIH0taN9h5s=", "subType": "00"}}, "keyId": 6955062343113900036}}, "lsid": {"id": {"$binary": {"base64": "XyAu3rpoQp29u/mctIgIFg==", "subType": "04"}}}}' with request id 22 to database RestAssured on connection [connectionId{localValue:8, serverValue:88231}] to server restassuredcluster-shard-00-01.yiuty.mongodb.net:27017
13:41:00.037 [TestNG-test=API automation-Spotify-2] DEBUG org.mongodb.driver.protocol.command - Execution of command with request id 22 completed successfully in 306.32 ms on connection [connectionId{localValue:8, serverValue:88231}] to server restassuredcluster-shard-00-01.yiuty.mongodb.net:27017
connected to Data Base
HTTP/1.1 200 OK
date: Wed, 28 Apr 2021 08:11:00 GMT
content-type: application/json
vary: Accept-Encoding
set-cookie: __Host-device_id=AQCK3OwoQQlgUciTdGwfvv-uWWr7mQEjdpT981-wngctBp31OiKntrWYcqdkNkB9VOqtjPWklASuxkAUO6T6oKIxb6WFp9Brdm4;Version=1;Path=/;Max-Age=2147483647;Secure;HttpOnly;SameSite=Lax
sp-trace-id: 55baafe7ff26035f
content-encoding: gzip
strict-transport-security: max-age=31536000
x-content-type-options: nosniff
server: envoy
Via: HTTP/2 edgeproxy, 1.1 google
Alt-Svc: clear
Transfer-Encoding: chunked

{
    "access_token": "BQDX5zJk8Fwl7w3apTTQxivIb1xHJnpIvLCLI8kCtwqWGzYEPWduHUSOETLkf-tjYC8JK11DBcP6jlcWGthNJc6I1jKkrud3WPCPqTHIMlct_5_9U8zXs8nofvKFFsqk0Ojz3cTH_TyTIukfl3m3UgcNwF1_4QEKzk7jaz9R5KoczUgF0dtmHyu82lHqL-Lc6vMVwbN08pfoGXbo6okeGsV0m2spzotzK37y1HB-PnRf",
    "token_type": "Bearer",
    "expires_in": 3600,
    "scope": "playlist-read-private playlist-read-collaborative playlist-modify-private playlist-modify-public"
}
token is good to go
token is good to go
token is good to go
Request method:	GET
Request URI:	https://api.spotify.com/v1/playlists/49fE1KUZ5AnhMadPgoTBL1
Proxy:			<none>
Request params:	<none>
Query params:	<none>
Form params:	<none>
Path params:	<none>
Headers:		Accept=*/*
				Content-Type=application/json; charset=UTF-8
Cookies:		<none>
Multiparts:		<none>
Body:			<none>
Request method:	POST
Request URI:	https://api.spotify.com/v1/users/e41y8ev2wvl4jlfee11ohbet8/playlists
Proxy:			<none>
Request params:	<none>
Query params:	<none>
Form params:	<none>
Path params:	<none>
Headers:		Accept=*/*
				Content-Type=application/json; charset=UTF-8
Cookies:		<none>
Multiparts:		<none>
Body:
{
    "description": "Description #7##fz/Qf#z:/&T&##&>#&#2t#L<-ku#&R&&&<,&#&pk0###X#",
    "name": "PlayList JyA>Nl_cfY",
    "public": true
}
Request method:	PUT
Request URI:	https://api.spotify.com/v1/playlists/49fE1KUZ5AnhMadPgoTBL1
Proxy:			<none>
Request params:	<none>
Query params:	<none>
Form params:	<none>
Path params:	<none>
Headers:		Accept=*/*
				Content-Type=application/json; charset=UTF-8
Cookies:		<none>
Multiparts:		<none>
Body:
{
    "description": "Description El#&1&#&wuez0#&?&&zmK&&&&<&bw&#bx#j#&3#&##vk&r10##",
    "name": "PlayList J[^D<thvYu",
    "public": true
}
Request method:	POST
Request URI:	https://api.spotify.com/v1/users/e41y8ev2wvl4jlfee11ohbet8/playlists
Proxy:			<none>
Request params:	<none>
Query params:	<none>
Form params:	<none>
Path params:	<none>
Headers:		Accept=*/*
				Content-Type=application/json; charset=UTF-8
Cookies:		<none>
Multiparts:		<none>
Body:
{
    "description": "Description #n&#&b&1#&#x&D&DIi@#j##&#y#dO#&&##=#d&#fuMorY&&rl&",
    "name": "",
    "public": true
}
HTTP/1.1 400 Bad Request
content-type: application/json; charset=utf-8
cache-control: private, max-age=0
x-robots-tag: noindex, nofollow
access-control-allow-origin: *
access-control-allow-headers: Accept, App-Platform, Authorization, Content-Type, Origin, Retry-After, Spotify-App-Version, X-Cloud-Trace-Context, client-token, content-access-token
access-control-allow-methods: GET, POST, OPTIONS, PUT, DELETE, PATCH
access-control-allow-credentials: true
access-control-max-age: 604800
content-encoding: gzip
strict-transport-security: max-age=31536000
x-content-type-options: nosniff
date: Wed, 28 Apr 2021 08:11:00 GMT
server: envoy
Via: HTTP/2 edgeproxy, 1.1 google
Alt-Svc: clear
Transfer-Encoding: chunked

{
    "error": {
        "status": 400,
        "message": "Missing required field: name"
    }
}
]]></system-out>
  </testcase>
  <testcase name="get_playlist" classname="com.spotify.oauth2.tests.PlayListTests" time="5.515">
    <system-out><![CDATA[HTTP/1.1 200 OK
content-type: application/json; charset=utf-8
cache-control: public, max-age=0
etag: "MC-IjY2ZmFkNjU1YmEyOWRjZWZlMDk0ZDlmMjE2NzYwODJkIg=="
x-robots-tag: noindex, nofollow
access-control-allow-origin: *
access-control-allow-headers: Accept, App-Platform, Authorization, Content-Type, Origin, Retry-After, Spotify-App-Version, X-Cloud-Trace-Context, client-token, content-access-token
access-control-allow-methods: GET, POST, OPTIONS, PUT, DELETE, PATCH
access-control-allow-credentials: true
access-control-max-age: 604800
content-encoding: gzip
strict-transport-security: max-age=31536000
x-content-type-options: nosniff
date: Wed, 28 Apr 2021 08:11:01 GMT
server: envoy
Via: HTTP/2 edgeproxy, 1.1 google
Alt-Svc: clear
Transfer-Encoding: chunked

{
    "collaborative": false,
    "description": "Description &gt;r[#&amp;rG##Se&amp;yb&amp;&amp;&amp;?&amp;_]&amp;Y&amp;&amp;&amp;&amp;#F-Y#j&amp;##?&amp;4&amp;2T&amp;#K2##Dk",
    "external_urls": {
        "spotify": "https://open.spotify.com/playlist/49fE1KUZ5AnhMadPgoTBL1"
    },
    "followers": {
        "href": null,
        "total": 0
    },
    "href": "https://api.spotify.com/v1/playlists/49fE1KUZ5AnhMadPgoTBL1",
    "id": "49fE1KUZ5AnhMadPgoTBL1",
    "images": [
        
    ],
    "name": "PlayList t3i6si_bnu",
    "owner": {
        "display_name": "vishnu1993",
        "external_urls": {
            "spotify": "https://open.spotify.com/user/e41y8ev2wvl4jlfee11ohbet8"
        },
        "href": "https://api.spotify.com/v1/users/e41y8ev2wvl4jlfee11ohbet8",
        "id": "e41y8ev2wvl4jlfee11ohbet8",
        "type": "user",
        "uri": "spotify:user:e41y8ev2wvl4jlfee11ohbet8"
    },
    "primary_color": null,
    "public": true,
    "snapshot_id": "NDMsZTE4ZDNiYzNmNjU3ZjA1NDVmYzJhYmNjMzBkZjM5MTQ3MmM3MzJhYg==",
    "tracks": {
        "href": "https://api.spotify.com/v1/playlists/49fE1KUZ5AnhMadPgoTBL1/tracks?offset=0&limit=100",
        "items": [
            
        ],
        "limit": 100,
        "next": null,
        "offset": 0,
        "previous": null,
        "total": 0
    },
    "type": "playlist",
    "uri": "spotify:playlist:49fE1KUZ5AnhMadPgoTBL1"
}
]]></system-out>
  </testcase>
  <testcase name="create_playlist" classname="com.spotify.oauth2.tests.PlayListTests" time="5.579">
    <system-out><![CDATA[HTTP/1.1 201 Created
content-type: application/json; charset=utf-8
cache-control: private, max-age=0
location: https://api.spotify.com/v1/playlists/0UFLrj5TjLrmNcC3wetkHf
x-robots-tag: noindex, nofollow
access-control-allow-origin: *
access-control-allow-headers: Accept, App-Platform, Authorization, Content-Type, Origin, Retry-After, Spotify-App-Version, X-Cloud-Trace-Context, client-token, content-access-token
access-control-allow-methods: GET, POST, OPTIONS, PUT, DELETE, PATCH
access-control-allow-credentials: true
access-control-max-age: 604800
content-encoding: gzip
strict-transport-security: max-age=31536000
x-content-type-options: nosniff
date: Wed, 28 Apr 2021 08:11:01 GMT
server: envoy
Via: HTTP/2 edgeproxy, 1.1 google
Alt-Svc: clear
Transfer-Encoding: chunked

{
    "collaborative": false,
    "description": "Description #7##fz/Qf#z:/&T&##&>#&#2t#L<-ku#&R&&&<,&#&pk0###X#",
    "external_urls": {
        "spotify": "https://open.spotify.com/playlist/0UFLrj5TjLrmNcC3wetkHf"
    },
    "followers": {
        "href": null,
        "total": 0
    },
    "href": "https://api.spotify.com/v1/playlists/0UFLrj5TjLrmNcC3wetkHf",
    "id": "0UFLrj5TjLrmNcC3wetkHf",
    "images": [
        
    ],
    "name": "PlayList JyA>Nl_cfY",
    "owner": {
        "display_name": "vishnu1993",
        "external_urls": {
            "spotify": "https://open.spotify.com/user/e41y8ev2wvl4jlfee11ohbet8"
        },
        "href": "https://api.spotify.com/v1/users/e41y8ev2wvl4jlfee11ohbet8",
        "id": "e41y8ev2wvl4jlfee11ohbet8",
        "type": "user",
        "uri": "spotify:user:e41y8ev2wvl4jlfee11ohbet8"
    },
    "primary_color": null,
    "public": true,
    "snapshot_id": "MSxlNmZiYTY5NWE5YjI5NDRmNTM1MmJlODZiNmM3M2Q3ODFjMTM5NDI2",
    "tracks": {
        "href": "https://api.spotify.com/v1/playlists/0UFLrj5TjLrmNcC3wetkHf/tracks",
        "items": [
            
        ],
        "limit": 100,
        "next": null,
        "offset": 0,
        "previous": null,
        "total": 0
    },
    "type": "playlist",
    "uri": "spotify:playlist:0UFLrj5TjLrmNcC3wetkHf"
}
]]></system-out>
  </testcase>
  <testcase name="update_playlist" classname="com.spotify.oauth2.tests.PlayListTests" time="5.584">
    <system-out><![CDATA[HTTP/1.1 200 OK
cache-control: private, max-age=0
x-robots-tag: noindex, nofollow
access-control-allow-origin: *
access-control-allow-headers: Accept, App-Platform, Authorization, Content-Type, Origin, Retry-After, Spotify-App-Version, X-Cloud-Trace-Context, client-token, content-access-token
access-control-allow-methods: GET, POST, OPTIONS, PUT, DELETE, PATCH
access-control-allow-credentials: true
access-control-max-age: 604800
Content-Length: 0
strict-transport-security: max-age=31536000
x-content-type-options: nosniff
date: Wed, 28 Apr 2021 08:11:01 GMT
server: envoy
Via: HTTP/2 edgeproxy, 1.1 google
Alt-Svc: clear
]]></system-out>
  </testcase>
</testsuite>