<?xml version="1.0" encoding="UTF-8"?>
<testsuite xmlns:xsi="http://www.w3.org/2001/XMLSchema-instance" xsi:noNamespaceSchemaLocation="https://maven.apache.org/surefire/maven-surefire-plugin/xsd/surefire-test-report-3.0.xsd" version="3.0" name="TestSuite" time="5.523" tests="5" errors="0" skipped="0" failures="0">
  <properties>
[...]
</properties>
  <testcase name="invalid_access_token" classname="com.spotify.oauth2.tests.PlayListTests" time="3.068">
    <system-out><![CDATA[Renewing token
Request method:	POST
Request URI:	https://api.spotify.com/v1/users/e41y8ev2wvl4jlfee11ohbet8/playlists
Proxy:			<none>
Request params:	<none>
Query params:	<none>
Form params:	<none>
Path params:	<none>
Headers:		Accept=*/*
				Content-Type=application/json; charset=UTF-8
Cookies:		<none>
Multiparts:		<none>
Body:
{
    "description": "Description ###&&e4#YGE&kB&q&>&Ef&Uj&E&#Jr0fh#=p#sQhoF&f&&#g##",
    "name": "PlayList miadXLhB;r",
    "public": true
}
HTTP/1.1 401 Unauthorized
www-authenticate: Bearer realm="spotify", error="invalid_token", error_description="Invalid access token"
access-control-allow-origin: *
access-control-allow-headers: Accept, App-Platform, Authorization, Content-Type, Origin, Retry-After, Spotify-App-Version, X-Cloud-Trace-Context, client-token, content-access-token
access-control-allow-methods: GET, POST, OPTIONS, PUT, DELETE, PATCH
access-control-allow-credentials: true
access-control-max-age: 604800
content-type: application/json
content-encoding: gzip
strict-transport-security: max-age=31536000
x-content-type-options: nosniff
date: Thu, 29 Apr 2021 10:26:51 GMT
server: envoy
Via: HTTP/2 edgeproxy, 1.1 google
Alt-Svc: clear
Transfer-Encoding: chunked

{
    "error": {
        "status": 401,
        "message": "Invalid access token"
    }
}
HTTP/1.1 200 OK
date: Thu, 29 Apr 2021 10:26:51 GMT
content-type: application/json
vary: Accept-Encoding
set-cookie: __Host-device_id=AQDVq1rTux1nOvAm6t7Kc3zIGZ6CZjeb7b1TpAGnISJK3lWWXciVv02AGhs_zF5sKn7QIIyEgmz9R2uVeLCkNhkq5tqDxs6ioPE;Version=1;Path=/;Max-Age=2147483647;Secure;HttpOnly;SameSite=Lax
sp-trace-id: a322079ec0e59db8
content-encoding: gzip
strict-transport-security: max-age=31536000
x-content-type-options: nosniff
server: envoy
Via: HTTP/2 edgeproxy, 1.1 google
Alt-Svc: clear
Transfer-Encoding: chunked

{
    "access_token": "BQCPNUwWi7qnCgS5ZkoAyqBpYhbS1rVuAoblg6BlBj-XJvO0nwIPozQLYbzUhZK9cx30egooBcjQWCoF_YsvKx0-1nwSz0ONM3vvDuXRIFnHR3qiOuPCsEEMRB6AzRif_4AIEJ2dj_a3Huy_7AqsVy1vea7SHBQUBHy0Azu80XeAfl_d7jN08R6WzrXw49LsHdhM7siXK7z3TF7jfAhWjv38YtQLFapL9Cyr3tJOHz2v",
    "token_type": "Bearer",
    "expires_in": 3600,
    "scope": "playlist-read-private playlist-read-collaborative playlist-modify-private playlist-modify-public"
}
]]></system-out>
  </testcase>
  <testcase name="not_create_playlist" classname="com.spotify.oauth2.tests.PlayListTests" time="4.005">
    <system-out><![CDATA[token is good to go
token is good to go
token is good to go
Request method:	GET
Request URI:	https://api.spotify.com/v1/playlists/49fE1KUZ5AnhMadPgoTBL1
Proxy:			<none>
Request params:	<none>
Query params:	<none>
Form params:	<none>
Path params:	<none>
Headers:		Accept=*/*
				Content-Type=application/json; charset=UTF-8
Cookies:		<none>
Multiparts:		<none>
Body:			<none>
Request method:	PUT
Request URI:	https://api.spotify.com/v1/playlists/49fE1KUZ5AnhMadPgoTBL1
Proxy:			<none>
Request params:	<none>
Query params:	<none>
Form params:	<none>
Path params:	<none>
Headers:		Accept=*/*
				Content-Type=application/json; charset=UTF-8
Cookies:		<none>
Multiparts:		<none>
Body:
{
    "description": "Description &Wh##4#uPoJ#_&##&TiC&&D##j4&IOp#&M<7##c&8&##9##b##",
    "name": "PlayList x<kC@wQ_aa",
    "public": true
}
Request method:	POST
Request URI:	https://api.spotify.com/v1/users/e41y8ev2wvl4jlfee11ohbet8/playlists
Proxy:			<none>
Request params:	<none>
Query params:	<none>
Form params:	<none>
Path params:	<none>
Headers:		Accept=*/*
				Content-Type=application/json; charset=UTF-8
Cookies:		<none>
Multiparts:		<none>
Body:
{
    "description": "Description &o##&##&\\&&J#Vf#0&Yxy#b5&]:&###@9Yi4#M##&#@#&j&#]&",
    "name": "PlayList t[/Yf3I5ye",
    "public": true
}
Request method:	POST
Request URI:	https://api.spotify.com/v1/users/e41y8ev2wvl4jlfee11ohbet8/playlists
Proxy:			<none>
Request params:	<none>
Query params:	<none>
Form params:	<none>
Path params:	<none>
Headers:		Accept=*/*
				Content-Type=application/json; charset=UTF-8
Cookies:		<none>
Multiparts:		<none>
Body:
{
    "description": "Description #&_&k&&&i&#Ef&aWh4KW##&&&m@&#&5#d1&#c&&##&c3#[@42.",
    "name": "",
    "public": true
}
HTTP/1.1 400 Bad Request
content-type: application/json; charset=utf-8
cache-control: private, max-age=0
x-robots-tag: noindex, nofollow
access-control-allow-origin: *
access-control-allow-headers: Accept, App-Platform, Authorization, Content-Type, Origin, Retry-After, Spotify-App-Version, X-Cloud-Trace-Context, client-token, content-access-token
access-control-allow-methods: GET, POST, OPTIONS, PUT, DELETE, PATCH
access-control-allow-credentials: true
access-control-max-age: 604800
content-encoding: gzip
strict-transport-security: max-age=31536000
x-content-type-options: nosniff
date: Thu, 29 Apr 2021 10:26:52 GMT
server: envoy
Via: HTTP/2 edgeproxy, 1.1 google
Alt-Svc: clear
Transfer-Encoding: chunked

{
    "error": {
        "status": 400,
        "message": "Missing required field: name"
    }
}
]]></system-out>
  </testcase>
  <testcase name="get_playlist" classname="com.spotify.oauth2.tests.PlayListTests" time="4.077">
    <system-out><![CDATA[HTTP/1.1 200 OK
content-type: application/json; charset=utf-8
cache-control: public, max-age=0
etag: "MC-ImQwNGQ1OWUyNGQxNjg0YmRlNzM5ZGQ0ZDY3NWFiYzk0Ig=="
x-robots-tag: noindex, nofollow
access-control-allow-origin: *
access-control-allow-headers: Accept, App-Platform, Authorization, Content-Type, Origin, Retry-After, Spotify-App-Version, X-Cloud-Trace-Context, client-token, content-access-token
access-control-allow-methods: GET, POST, OPTIONS, PUT, DELETE, PATCH
access-control-allow-credentials: true
access-control-max-age: 604800
content-encoding: gzip
strict-transport-security: max-age=31536000
x-content-type-options: nosniff
date: Thu, 29 Apr 2021 10:26:52 GMT
server: envoy
Via: HTTP/2 edgeproxy, 1.1 google
Alt-Svc: clear
Transfer-Encoding: chunked

{
    "collaborative": false,
    "description": "Description uk##&amp;VPX#ftF#h&amp;A_kJ9#j&amp;j&amp;q9&amp;F&amp;&lt;wmDt#&amp;&amp;&amp;_p##&amp;^#&amp;1&amp;K",
    "external_urls": {
        "spotify": "https://open.spotify.com/playlist/49fE1KUZ5AnhMadPgoTBL1"
    },
    "followers": {
        "href": null,
        "total": 0
    },
    "href": "https://api.spotify.com/v1/playlists/49fE1KUZ5AnhMadPgoTBL1",
    "id": "49fE1KUZ5AnhMadPgoTBL1",
    "images": [
        
    ],
    "name": "PlayList 9xpkv8Mwxc",
    "owner": {
        "display_name": "vishnu1993",
        "external_urls": {
            "spotify": "https://open.spotify.com/user/e41y8ev2wvl4jlfee11ohbet8"
        },
        "href": "https://api.spotify.com/v1/users/e41y8ev2wvl4jlfee11ohbet8",
        "id": "e41y8ev2wvl4jlfee11ohbet8",
        "type": "user",
        "uri": "spotify:user:e41y8ev2wvl4jlfee11ohbet8"
    },
    "primary_color": null,
    "public": true,
    "snapshot_id": "MTIxLGRiMTQ3ZTVlOGZjNWFkMGY1YTI2MmZlNjY0MzYyY2ExNTlhNjNmNjQ=",
    "tracks": {
        "href": "https://api.spotify.com/v1/playlists/49fE1KUZ5AnhMadPgoTBL1/tracks?offset=0&limit=100",
        "items": [
            
        ],
        "limit": 100,
        "next": null,
        "offset": 0,
        "previous": null,
        "total": 0
    },
    "type": "playlist",
    "uri": "spotify:playlist:49fE1KUZ5AnhMadPgoTBL1"
}
]]></system-out>
  </testcase>
  <testcase name="update_playlist" classname="com.spotify.oauth2.tests.PlayListTests" time="4.119">
    <system-out><![CDATA[HTTP/1.1 201 Created
content-type: application/json; charset=utf-8
cache-control: private, max-age=0
location: https://api.spotify.com/v1/playlists/525XfTAMzglH0XvEJM1hWL
x-robots-tag: noindex, nofollow
access-control-allow-origin: *
access-control-allow-headers: Accept, App-Platform, Authorization, Content-Type, Origin, Retry-After, Spotify-App-Version, X-Cloud-Trace-Context, client-token, content-access-token
access-control-allow-methods: GET, POST, OPTIONS, PUT, DELETE, PATCH
access-control-allow-credentials: true
access-control-max-age: 604800
content-encoding: gzip
strict-transport-security: max-age=31536000
x-content-type-options: nosniff
date: Thu, 29 Apr 2021 10:26:52 GMT
server: envoy
Via: HTTP/2 edgeproxy, 1.1 google
Alt-Svc: clear
Transfer-Encoding: chunked

{
    "collaborative": false,
    "description": "Description &o##&##&\\&&J#Vf#0&Yxy#b5&]:&###@9Yi4#M##&#@#&j&#]&",
    "external_urls": {
        "spotify": "https://open.spotify.com/playlist/525XfTAMzglH0XvEJM1hWL"
    },
    "followers": {
        "href": null,
        "total": 0
    },
    "href": "https://api.spotify.com/v1/playlists/525XfTAMzglH0XvEJM1hWL",
    "id": "525XfTAMzglH0XvEJM1hWL",
    "images": [
        
    ],
    "name": "PlayList t[/Yf3I5ye",
    "owner": {
        "display_name": "vishnu1993",
        "external_urls": {
            "spotify": "https://open.spotify.com/user/e41y8ev2wvl4jlfee11ohbet8"
        },
        "href": "https://api.spotify.com/v1/users/e41y8ev2wvl4jlfee11ohbet8",
        "id": "e41y8ev2wvl4jlfee11ohbet8",
        "type": "user",
        "uri": "spotify:user:e41y8ev2wvl4jlfee11ohbet8"
    },
    "primary_color": null,
    "public": true,
    "snapshot_id": "MSxhZDUxMzIwMGI5MmE2YTJhNjQxYzM2MTgyODI3Zjk1OTVjZjc3NTAy",
    "tracks": {
        "href": "https://api.spotify.com/v1/playlists/525XfTAMzglH0XvEJM1hWL/tracks",
        "items": [
            
        ],
        "limit": 100,
        "next": null,
        "offset": 0,
        "previous": null,
        "total": 0
    },
    "type": "playlist",
    "uri": "spotify:playlist:525XfTAMzglH0XvEJM1hWL"
}
HTTP/1.1 200 OK
cache-control: private, max-age=0
x-robots-tag: noindex, nofollow
access-control-allow-origin: *
access-control-allow-headers: Accept, App-Platform, Authorization, Content-Type, Origin, Retry-After, Spotify-App-Version, X-Cloud-Trace-Context, client-token, content-access-token
access-control-allow-methods: GET, POST, OPTIONS, PUT, DELETE, PATCH
access-control-allow-credentials: true
access-control-max-age: 604800
Content-Length: 0
strict-transport-security: max-age=31536000
x-content-type-options: nosniff
date: Thu, 29 Apr 2021 10:26:52 GMT
server: envoy
Via: HTTP/2 edgeproxy, 1.1 google
Alt-Svc: clear
]]></system-out>
  </testcase>
  <testcase name="create_playlist" classname="com.spotify.oauth2.tests.PlayListTests" time="4.12"/>
</testsuite>