<?xml version="1.0" encoding="UTF-8"?>
<testng-results skipped="0" failed="1" ignored="0" total="5" passed="4">
  <reporter-output>
  </reporter-output>
  <suite name="All Test Suite" duration-ms="5481" started-at="2021-04-28T19:10:02 IST" finished-at="2021-04-28T19:10:07 IST">
    <groups>
    </groups>
    <test name="API automation-Spotify" duration-ms="5481" started-at="2021-04-28T19:10:02 IST" finished-at="2021-04-28T19:10:07 IST">
      <class name="com.spotify.oauth2.tests.PlayListTests">
        <test-method status="PASS" signature="conect_to_Mongo_DB()[pri:0, instance:com.spotify.oauth2.tests.PlayListTests@7c9b78e3]" name="conect_to_Mongo_DB" is-config="true" duration-ms="6167" started-at="2021-04-28T19:09:56 IST" description="Connecting to DB" finished-at="2021-04-28T19:10:02 IST">
          <reporter-output>
          </reporter-output>
        </test-method> <!-- conect_to_Mongo_DB -->
        <test-method status="FAIL" signature="get_playlist()[pri:3, instance:com.spotify.oauth2.tests.PlayListTests@7c9b78e3]" name="get_playlist" duration-ms="5417" started-at="2021-04-28T19:10:02 IST" description="get existing playlist with user id and playlist Id" finished-at="2021-04-28T19:10:07 IST">
          <exception class="java.lang.AssertionError">
            <message>
              <![CDATA[
Expected: "Your coolest updated Playlist"
     but: was "PlayList q\\EnsGMZmc"]]>
            </message>
            <full-stacktrace>
              <![CDATA[java.lang.AssertionError: 
Expected: "Your coolest updated Playlist"
     but: was "PlayList q\\EnsGMZmc"
at org.hamcrest.MatcherAssert.assertThat(MatcherAssert.java:18)
at org.hamcrest.MatcherAssert.assertThat(MatcherAssert.java:6)
at com.spotify.oauth2.tests.PlayListTests.PlayListAsserts(PlayListTests.java:33)
at com.spotify.oauth2.tests.PlayListTests.get_playlist(PlayListTests.java:76)
at sun.reflect.NativeMethodAccessorImpl.invoke0(Native Method)
at sun.reflect.NativeMethodAccessorImpl.invoke(NativeMethodAccessorImpl.java:62)
at sun.reflect.DelegatingMethodAccessorImpl.invoke(DelegatingMethodAccessorImpl.java:43)
at java.lang.reflect.Method.invoke(Method.java:498)
at org.testng.internal.MethodInvocationHelper.invokeMethod(MethodInvocationHelper.java:133)
at org.testng.internal.TestInvoker.invokeMethod(TestInvoker.java:598)
at org.testng.internal.TestInvoker.invokeTestMethod(TestInvoker.java:173)
at org.testng.internal.MethodRunner.runInSequence(MethodRunner.java:46)
at org.testng.internal.TestInvoker$MethodInvocationAgent.invoke(TestInvoker.java:824)
at org.testng.internal.TestInvoker.invokeTestMethods(TestInvoker.java:146)
at org.testng.internal.TestMethodWorker.invokeTestMethods(TestMethodWorker.java:146)
at org.testng.internal.TestMethodWorker.run(TestMethodWorker.java:128)
at java.util.concurrent.ThreadPoolExecutor.runWorker(ThreadPoolExecutor.java:1149)
at java.util.concurrent.ThreadPoolExecutor$Worker.run(ThreadPoolExecutor.java:624)
at java.lang.Thread.run(Thread.java:748)
]]>
            </full-stacktrace>
          </exception> <!-- java.lang.AssertionError -->
          <reporter-output>
          </reporter-output>
        </test-method> <!-- get_playlist -->
        <test-method status="PASS" signature="create_playlist()[pri:1, instance:com.spotify.oauth2.tests.PlayListTests@7c9b78e3]" name="create_playlist" duration-ms="5422" started-at="2021-04-28T19:10:02 IST" description="create spotify playlist post API" finished-at="2021-04-28T19:10:07 IST">
          <reporter-output>
          </reporter-output>
        </test-method> <!-- create_playlist -->
        <test-method status="PASS" signature="update_playlist()[pri:2, instance:com.spotify.oauth2.tests.PlayListTests@7c9b78e3]" name="update_playlist" duration-ms="5389" started-at="2021-04-28T19:10:02 IST" description="Update playlist with user id and playlist Id " finished-at="2021-04-28T19:10:07 IST">
          <reporter-output>
          </reporter-output>
        </test-method> <!-- update_playlist -->
        <test-method status="PASS" signature="invalid_access_token()[pri:5, instance:com.spotify.oauth2.tests.PlayListTests@7c9b78e3]" name="invalid_access_token" duration-ms="2746" started-at="2021-04-28T19:10:02 IST" description="doesnt crete a playlist due to invalid access token" finished-at="2021-04-28T19:10:05 IST">
          <reporter-output>
          </reporter-output>
        </test-method> <!-- invalid_access_token -->
        <test-method status="PASS" signature="not_create_playlist()[pri:4, instance:com.spotify.oauth2.tests.PlayListTests@7c9b78e3]" name="not_create_playlist" duration-ms="5299" started-at="2021-04-28T19:10:02 IST" description="doesnt crete a playlist due to client error" finished-at="2021-04-28T19:10:07 IST">
          <reporter-output>
          </reporter-output>
        </test-method> <!-- not_create_playlist -->
      </class> <!-- com.spotify.oauth2.tests.PlayListTests -->
    </test> <!-- API automation-Spotify -->
  </suite> <!-- All Test Suite -->
</testng-results>
