<?xml version="1.0" encoding="UTF-8"?>
<!-- Generated by org.testng.reporters.JUnitXMLReporter -->
<testsuite hostname="ET-C02T91MYG8WN.local" ignored="0" name="API automation-Spotify" tests="5" failures="0" timestamp="2021-04-28T13:41:01 IST" time="5.676" errors="0">
  <testcase name="invalid_access_token" time="2.726" classname="com.spotify.oauth2.tests.PlayListTests"/>
  <testcase name="not_create_playlist" time="5.49" classname="com.spotify.oauth2.tests.PlayListTests"/>
  <testcase name="get_playlist" time="5.553" classname="com.spotify.oauth2.tests.PlayListTests"/>
  <testcase name="create_playlist" time="5.617" classname="com.spotify.oauth2.tests.PlayListTests"/>
  <testcase name="update_playlist" time="5.625" classname="com.spotify.oauth2.tests.PlayListTests"/>
</testsuite> <!-- API automation-Spotify -->
